\BOOKMARK [1][-]{section.1}{\376\377\000I\000n\000t\000r\000o\000d\000u\000c\000t\000i\000o\000n}{}% 1
\BOOKMARK [1][-]{section.2}{\376\377\000U\000t\000i\000l\000s\000\040\000P\000a\000c\000k\000a\000g\000e}{}% 2
\BOOKMARK [2][-]{subsection.2.1}{\376\377\000V\000e\000c\0002\000D}{section.2}% 3
\BOOKMARK [1][-]{section.3}{\376\377\000S\000o\000f\000t\000B\000a\000l\000l\0002\000\040\000c\000l\000a\000s\000s}{}% 4
\BOOKMARK [2][-]{subsection.3.1}{\376\377\000I\000n\000i\000t\000i\000a\000l\000i\000z\000a\000t\000i\000o\000n}{section.3}% 5
\BOOKMARK [2][-]{subsection.3.2}{\376\377\000F\000o\000r\000c\000e\000s\000\040\000a\000n\000d\000\040\000c\000o\000n\000s\000t\000r\000a\000i\000n\000t\000s}{section.3}% 6
\BOOKMARK [3][-]{subsubsection.3.2.1}{\376\377\000V\000i\000s\000u\000a\000l\000\040\000A\000n\000a\000l\000y\000s\000i\000s}{subsection.3.2}% 7
\BOOKMARK [3][-]{subsubsection.3.2.2}{\376\377\000C\000o\000m\000p\000u\000t\000e\000\040\000s\000p\000e\000e\000d\000\040\000w\000i\000t\000h\000\040\000n\000u\000m\000b\000e\000r\000\040\000o\000f\000\040\000n\000o\000d\000e\000s}{subsection.3.2}% 8
\BOOKMARK [3][-]{subsubsection.3.2.3}{\376\377\000E\000f\000f\000e\000c\000t\000s\000\040\000o\000f\000\040\000s\000p\000r\000i\000n\000g\000\040\000d\000a\000m\000p\000i\000n\000g\000\040\000o\000n\000\040\000a\000r\000e\000a\000\040\000c\000o\000n\000s\000e\000r\000v\000a\000t\000i\000o\000n}{subsection.3.2}% 9
\BOOKMARK [3][-]{subsubsection.3.2.4}{\376\377\000P\000h\000a\000s\000e\000\040\000P\000l\000o\000t\000s}{subsection.3.2}% 10
\BOOKMARK [1][-]{section.4}{\376\377\000C\000o\000n\000c\000l\000u\000s\000i\000o\000n\000s}{}% 11
\BOOKMARK [2][-]{subsection.4.1}{\376\377\000F\000u\000t\000u\000r\000e\000\040\000G\000o\000a\000l\000s}{section.4}% 12
\BOOKMARK [1][-]{section.5}{\376\377\000C\000o\000d\000e\000\040\000L\000i\000s\000t\000i\000n\000g\000s}{}% 13
\BOOKMARK [2][-]{subsection.5.1}{\376\377\000U\000t\000i\000l\000s\000\040\000P\000a\000c\000k\000a\000g\000e}{section.5}% 14
\BOOKMARK [3][-]{subsubsection.5.1.1}{\376\377\000v\000e\000c\0002\000.\000j\000a\000v\000a}{subsection.5.1}% 15
\BOOKMARK [3][-]{subsubsection.5.1.2}{\376\377\000A\000b\000s\000t\000r\000a\000c\000t\000O\000D\000E\000S\000o\000l\000v\000e\000r\0002\000D\000.\000j\000a\000v\000a}{subsection.5.1}% 16
\BOOKMARK [3][-]{subsubsection.5.1.3}{\376\377\000O\000D\000E\0002\000D}{subsection.5.1}% 17
\BOOKMARK [3][-]{subsubsection.5.1.4}{\376\377\000O\000D\000E\000S\000o\000l\000v\000e\000r\0002\000D}{subsection.5.1}% 18
\BOOKMARK [3][-]{subsubsection.5.1.5}{\376\377\000V\000e\000r\000l\000e\000t\0002\000D}{subsection.5.1}% 19
\BOOKMARK [2][-]{subsection.5.2}{\376\377\000S\000o\000f\000t\000B\000a\000l\000l\000\040\000p\000a\000c\000k\000a\000g\000e}{section.5}% 20
\BOOKMARK [3][-]{subsubsection.5.2.1}{\376\377\000s\000o\000f\000t\000B\000a\000l\000l\0002}{subsection.5.2}% 21
\BOOKMARK [3][-]{subsubsection.5.2.2}{\376\377\000s\000o\000f\000t\000B\000a\000l\000l\0002\000A\000p\000p}{subsection.5.2}% 22
\BOOKMARK [2][-]{subsection.5.3}{\376\377\000a\000n\000a\000l\000y\000s\000i\000s\000S\000c\000r\000i\000p\000t\000s\000\040\000P\000a\000c\000k\000a\000g\000e}{section.5}% 23
\BOOKMARK [3][-]{subsubsection.5.3.1}{\376\377\000c\000o\000m\000p\000u\000t\000e\000T\000i\000m\000e\000N\000u\000m\000N\000o\000d\000e\000s\000A\000p\000p}{subsection.5.3}% 24
\BOOKMARK [3][-]{subsubsection.5.3.2}{\376\377\000p\000h\000a\000s\000e\000P\000l\000o\000t\000s\000A\000p\000p}{subsection.5.3}% 25
